Sat Jan 31 04:59:54 CST 2026: Script finished with exit code 1
Sat Jan 31 05:00:28 CST 2026: Script finished with exit code 1
Sat Jan 31 05:00:42 CST 2026: Script finished with exit code 1
Sat Jan 31 05:02:24 CST 2026: Script finished with exit code 1
Sat Jan 31 05:05:57 CST 2026: Script finished with exit code 0
Sat Jan 31 05:30:21 CST 2026: Script finished with exit code 0
Sat Jan 31 05:35:21 CST 2026: Script finished with exit code 0
Sat Jan 31 05:40:21 CST 2026: Script finished with exit code 0
Sat Jan 31 05:45:21 CST 2026: Script finished with exit code 0
Sat Jan 31 05:49:47 CST 2026: Script finished with exit code 0
Sat Jan 31 05:54:48 CST 2026: Script finished with exit code 0
Sat Jan 31 12:32:23 CST 2026: Script finished with exit code 1
Sat Jan 31 12:45:16 CST 2026: Script finished with exit code 1
Sat Jan 31 12:49:58 CST 2026: Script finished with exit code 1
Sat Jan 31 13:01:58 CST 2026: Script finished with exit code 1
Sat Jan 31 13:07:09 CST 2026: Script finished with exit code 1
Sat Jan 31 13:42:52 CST 2026: Script finished with exit code 1
Sat Jan 31 13:43:12 CST 2026: Script finished with exit code 1
Sat Jan 31 14:41:40 CST 2026: Script finished with exit code 1
Sat Jan 31 15:32:20 CST 2026: Script finished with exit code 1
Sat Jan 31 15:54:59 CST 2026: Script finished with exit code 1
Sat Jan 31 15:57:06 2026: Script finished with exit code 1
Sat Jan 31 15:57:10 CST 2026: Script finished with exit code 1
2026-01-31 16:10:26.638080: Script finished with exit code 1
Sat Jan 31 16:10:26 CST 2026: Script finished with exit code 0
2026-01-31 16:10:51.519355: Script finished with exit code 1
Sat Jan 31 16:10:51 CST 2026: Script finished with exit code 0
2026-01-31 16:11:53.686218: Script finished with exit code 1
Sat Jan 31 16:11:53 CST 2026: Script finished with exit code 0
Sat Jan 31 16:16:05 2026: Script finished with exit code 1
Sat Jan 31 16:16:05 CST 2026: Script finished with exit code 0
Sat Jan 31 16:25:46  2026: Script finished with exit code 1
Sat Jan 31 16:25:46 CST 2026: Script finished with exit code 1
2026-01-31 16:28:06 | Disk=16% CPU=178.0%
Sat Jan 31 16:28:09 CST 2026: Script finished with exit code 0
2026-01-31 16:31:37 | CPU=14.5% | Disk=16%
Sat Jan 31 16:31:40 CST 2026: Script finished with exit code 0
2026-01-31 16:36:45 | CPU=19.1% | Disk=16%
2026-01-31 16:42:16 | CPU=16.4% | Disk=16%
2026-02-01 07:59:48: Script finished with exit code 0
2026-02-01 08:18:33 | CPU_USAGE=67.0%
2026-02-01 08:18:33 | DISK_USAGE=58.7%
2026-02-01 08:18:33 | NETWORK_USAGE=45768393210 bytes
2026-02-01 08:21:47 | CPU_USAGE=82.3%
2026-02-01 08:21:47 | DISK_USAGE=58.7%
2026-02-01 08:21:47 | RAM_USAGE=99.0%
2026-02-01 08:21:47 | NETWORK_USAGE=45774370224 bytes
